# JRE version: OpenJDK Runtime Environment (Zulu 8.52.0.23-CA-win64) (8.0_282-b08) (build 1.8.0_282-b08)
# Java VM: OpenJDK 64-Bit Server VM (25.282-b08 mixed mode windows-amd64 compressed oops)
Heap:
 PSYoungGen      total 284672K, used 16650K [0x00000000d5580000, 0x00000000f1900000, 0x0000000100000000)
  eden space 263168K, 6% used [0x00000000d5580000,0x00000000d65c2b48,0x00000000e5680000)
  from space 21504K, 0% used [0x00000000e5680000,0x00000000e5680000,0x00000000e6b80000)
  to   space 17408K, 0% used [0x00000000f0800000,0x00000000f0800000,0x00000000f1900000)
 ParOldGen       total 260096K, used 23611K [0x0000000080000000, 0x000000008fe00000, 0x00000000d5580000)
  object space 260096K, 9% used [0x0000000080000000,0x000000008170eff0,0x000000008fe00000)
 Metaspace       used 35806K, capacity 36750K, committed 37032K, reserved 1081344K
  class space    used 4278K, capacity 4545K, committed 4608K, reserved 1048576K
GC Heap History (10 events):
Event: 2.219 GC heap before
{Heap before GC invocations=3 (full 0):
 PSYoungGen      total 284672K, used 29199K [0x00000000d5580000, 0x00000000e8080000, 0x0000000100000000)
  eden space 263168K, 6% used [0x00000000d5580000,0x00000000d666ecc0,0x00000000e5680000)
  from space 21504K, 55% used [0x00000000e6b80000,0x00000000e7715150,0x00000000e8080000)
  to   space 21504K, 0% used [0x00000000e5680000,0x00000000e5680000,0x00000000e6b80000)
 ParOldGen       total 349696K, used 96K [0x0000000080000000, 0x0000000095580000, 0x00000000d5580000)
  object space 349696K, 0% used [0x0000000080000000,0x0000000080018010,0x0000000095580000)
 Metaspace       used 20779K, capacity 21078K, committed 21296K, reserved 1069056K
  class space    used 2313K, capacity 2425K, committed 2432K, reserved 1048576K
Event: 2.237 GC heap after
Heap after GC invocations=3 (full 0):
 PSYoungGen      total 284672K, used 8782K [0x00000000d5580000, 0x00000000e8080000, 0x0000000100000000)
  eden space 263168K, 0% used [0x00000000d5580000,0x00000000d5580000,0x00000000e5680000)
  from space 21504K, 40% used [0x00000000e5680000,0x00000000e5f13a90,0x00000000e6b80000)
  to   space 21504K, 0% used [0x00000000e6b80000,0x00000000e6b80000,0x00000000e8080000)
 ParOldGen       total 349696K, used 104K [0x0000000080000000, 0x0000000095580000, 0x00000000d5580000)
  object space 349696K, 0% used [0x0000000080000000,0x000000008001a010,0x0000000095580000)
 Metaspace       used 20779K, capacity 21078K, committed 21296K, reserved 1069056K
  class space    used 2313K, capacity 2425K, committed 2432K, reserved 1048576K
}
Event: 2.237 GC heap before
{Heap before GC invocations=4 (full 1):
 PSYoungGen      total 284672K, used 8782K [0x00000000d5580000, 0x00000000e8080000, 0x0000000100000000)
  eden space 263168K, 0% used [0x00000000d5580000,0x00000000d5580000,0x00000000e5680000)
  from space 21504K, 40% used [0x00000000e5680000,0x00000000e5f13a90,0x00000000e6b80000)
  to   space 21504K, 0% used [0x00000000e6b80000,0x00000000e6b80000,0x00000000e8080000)
 ParOldGen       total 349696K, used 104K [0x0000000080000000, 0x0000000095580000, 0x00000000d5580000)
  object space 349696K, 0% used [0x0000000080000000,0x000000008001a010,0x0000000095580000)
 Metaspace       used 20779K, capacity 21078K, committed 21296K, reserved 1069056K
  class space    used 2313K, capacity 2425K, committed 2432K, reserved 1048576K
Event: 2.281 GC heap after
Heap after GC invocations=4 (full 1):
 PSYoungGen      total 284672K, used 0K [0x00000000d5580000, 0x00000000e8080000, 0x0000000100000000)
  eden space 263168K, 0% used [0x00000000d5580000,0x00000000d5580000,0x00000000e5680000)
  from space 21504K, 0% used [0x00000000e5680000,0x00000000e5680000,0x00000000e6b80000)
  to   space 21504K, 0% used [0x00000000e6b80000,0x00000000e6b80000,0x00000000e8080000)
 ParOldGen       total 181248K, used 8676K [0x0000000080000000, 0x000000008b100000, 0x00000000d5580000)
  object space 181248K, 4% used [0x0000000080000000,0x00000000808792b8,0x000000008b100000)
 Metaspace       used 20779K, capacity 21078K, committed 21296K, reserved 1069056K
  class space    used 2313K, capacity 2425K, committed 2432K, reserved 1048576K
}
Event: 3.510 GC heap before
{Heap before GC invocations=5 (full 1):
 PSYoungGen      total 284672K, used 263168K [0x00000000d5580000, 0x00000000e8080000, 0x0000000100000000)
  eden space 263168K, 100% used [0x00000000d5580000,0x00000000e5680000,0x00000000e5680000)
  from space 21504K, 0% used [0x00000000e5680000,0x00000000e5680000,0x00000000e6b80000)
  to   space 21504K, 0% used [0x00000000e6b80000,0x00000000e6b80000,0x00000000e8080000)
 ParOldGen       total 181248K, used 8676K [0x0000000080000000, 0x000000008b100000, 0x00000000d5580000)
  object space 181248K, 4% used [0x0000000080000000,0x00000000808792b8,0x000000008b100000)
 Metaspace       used 28382K, capacity 28754K, committed 28928K, reserved 1075200K
  class space    used 3178K, capacity 3305K, committed 3328K, reserved 1048576K
Event: 3.532 GC heap after
Heap after GC invocations=5 (full 1):
 PSYoungGen      total 284672K, used 12975K [0x00000000d5580000, 0x00000000f2980000, 0x0000000100000000)
  eden space 263168K, 0% used [0x00000000d5580000,0x00000000d5580000,0x00000000e5680000)
  from space 21504K, 60% used [0x00000000e6b80000,0x00000000e782beb8,0x00000000e8080000)
  to   space 21504K, 0% used [0x00000000e5680000,0x00000000e5680000,0x00000000e6b80000)
 ParOldGen       total 181248K, used 8684K [0x0000000080000000, 0x000000008b100000, 0x00000000d5580000)
  object space 181248K, 4% used [0x0000000080000000,0x000000008087b2b8,0x000000008b100000)
 Metaspace       used 28382K, capacity 28754K, committed 28928K, reserved 1075200K
  class space    used 3178K, capacity 3305K, committed 3328K, reserved 1048576K
}
Event: 4.948 GC heap before
{Heap before GC invocations=6 (full 1):
 PSYoungGen      total 284672K, used 131018K [0x00000000d5580000, 0x00000000f2980000, 0x0000000100000000)
  eden space 263168K, 44% used [0x00000000d5580000,0x00000000dc8c6a40,0x00000000e5680000)
  from space 21504K, 60% used [0x00000000e6b80000,0x00000000e782beb8,0x00000000e8080000)
  to   space 21504K, 0% used [0x00000000e5680000,0x00000000e5680000,0x00000000e6b80000)
 ParOldGen       total 181248K, used 8684K [0x0000000080000000, 0x000000008b100000, 0x00000000d5580000)
  object space 181248K, 4% used [0x0000000080000000,0x000000008087b2b8,0x000000008b100000)
 Metaspace       used 34423K, capacity 35318K, committed 35496K, reserved 1081344K
  class space    used 4091K, capacity 4331K, committed 4352K, reserved 1048576K
Event: 4.973 GC heap after
Heap after GC invocations=6 (full 1):
 PSYoungGen      total 284672K, used 15811K [0x00000000d5580000, 0x00000000f1900000, 0x0000000100000000)
  eden space 263168K, 0% used [0x00000000d5580000,0x00000000d5580000,0x00000000e5680000)
  from space 21504K, 73% used [0x00000000e5680000,0x00000000e65f0f60,0x00000000e6b80000)
  to   space 17408K, 0% used [0x00000000f0800000,0x00000000f0800000,0x00000000f1900000)
 ParOldGen       total 181248K, used 8692K [0x0000000080000000, 0x000000008b100000, 0x00000000d5580000)
  object space 181248K, 4% used [0x0000000080000000,0x000000008087d2b8,0x000000008b100000)
 Metaspace       used 34423K, capacity 35318K, committed 35496K, reserved 1081344K
  class space    used 4091K, capacity 4331K, committed 4352K, reserved 1048576K
}
Event: 4.973 GC heap before
{Heap before GC invocations=7 (full 2):
 PSYoungGen      total 284672K, used 15811K [0x00000000d5580000, 0x00000000f1900000, 0x0000000100000000)
  eden space 263168K, 0% used [0x00000000d5580000,0x00000000d5580000,0x00000000e5680000)
  from space 21504K, 73% used [0x00000000e5680000,0x00000000e65f0f60,0x00000000e6b80000)
  to   space 17408K, 0% used [0x00000000f0800000,0x00000000f0800000,0x00000000f1900000)
 ParOldGen       total 181248K, used 8692K [0x0000000080000000, 0x000000008b100000, 0x00000000d5580000)
  object space 181248K, 4% used [0x0000000080000000,0x000000008087d2b8,0x000000008b100000)
 Metaspace       used 34423K, capacity 35318K, committed 35496K, reserved 1081344K
  class space    used 4091K, capacity 4331K, committed 4352K, reserved 1048576K
Event: 5.024 GC heap after
Heap after GC invocations=7 (full 2):
 PSYoungGen      total 284672K, used 0K [0x00000000d5580000, 0x00000000f1900000, 0x0000000100000000)
  eden space 263168K, 0% used [0x00000000d5580000,0x00000000d5580000,0x00000000e5680000)
  from space 21504K, 0% used [0x00000000e5680000,0x00000000e5680000,0x00000000e6b80000)
  to   space 17408K, 0% used [0x00000000f0800000,0x00000000f0800000,0x00000000f1900000)
 ParOldGen       total 260096K, used 23611K [0x0000000080000000, 0x000000008fe00000, 0x00000000d5580000)
  object space 260096K, 9% used [0x0000000080000000,0x000000008170eff0,0x000000008fe00000)
 Metaspace       used 34420K, capacity 35310K, committed 35496K, reserved 1081344K
  class space    used 4090K, capacity 4329K, committed 4352K, reserved 1048576K
}

