# JRE version: OpenJDK Runtime Environment (Zulu 8.52.0.23-CA-win64) (8.0_282-b08) (build 1.8.0_282-b08)
# Java VM: OpenJDK 64-Bit Server VM (25.282-b08 mixed mode windows-amd64 compressed oops)
Heap:
 PSYoungGen      total 540160K, used 34887K [0x00000000d5580000, 0x00000000fff80000, 0x0000000100000000)
  eden space 518656K, 6% used [0x00000000d5580000,0x00000000d7791f48,0x00000000f5000000)
  from space 21504K, 0% used [0x00000000f5000000,0x00000000f5000000,0x00000000f6500000)
  to   space 17408K, 0% used [0x00000000fee80000,0x00000000fee80000,0x00000000fff80000)
 ParOldGen       total 218624K, used 22890K [0x0000000080000000, 0x000000008d580000, 0x00000000d5580000)
  object space 218624K, 10% used [0x0000000080000000,0x000000008165ab10,0x000000008d580000)
 Metaspace       used 36802K, capacity 37790K, committed 38016K, reserved 1083392K
  class space    used 4386K, capacity 4654K, committed 4736K, reserved 1048576K
GC Heap History (10 events):
Event: 2.584 GC heap before
{Heap before GC invocations=3 (full 0):
 PSYoungGen      total 284672K, used 19151K [0x00000000d5580000, 0x00000000e8080000, 0x0000000100000000)
  eden space 263168K, 2% used [0x00000000d5580000,0x00000000d5c42140,0x00000000e5680000)
  from space 21504K, 56% used [0x00000000e6b80000,0x00000000e7771b18,0x00000000e8080000)
  to   space 21504K, 0% used [0x00000000e5680000,0x00000000e5680000,0x00000000e6b80000)
 ParOldGen       total 349696K, used 96K [0x0000000080000000, 0x0000000095580000, 0x00000000d5580000)
  object space 349696K, 0% used [0x0000000080000000,0x0000000080018010,0x0000000095580000)
 Metaspace       used 20804K, capacity 21078K, committed 21296K, reserved 1069056K
  class space    used 2311K, capacity 2425K, committed 2432K, reserved 1048576K
Event: 2.595 GC heap after
Heap after GC invocations=3 (full 0):
 PSYoungGen      total 284672K, used 8329K [0x00000000d5580000, 0x00000000f8180000, 0x0000000100000000)
  eden space 263168K, 0% used [0x00000000d5580000,0x00000000d5580000,0x00000000e5680000)
  from space 21504K, 38% used [0x00000000e5680000,0x00000000e5ea2480,0x00000000e6b80000)
  to   space 21504K, 0% used [0x00000000f6c80000,0x00000000f6c80000,0x00000000f8180000)
 ParOldGen       total 349696K, used 104K [0x0000000080000000, 0x0000000095580000, 0x00000000d5580000)
  object space 349696K, 0% used [0x0000000080000000,0x000000008001a010,0x0000000095580000)
 Metaspace       used 20804K, capacity 21078K, committed 21296K, reserved 1069056K
  class space    used 2311K, capacity 2425K, committed 2432K, reserved 1048576K
}
Event: 2.595 GC heap before
{Heap before GC invocations=4 (full 1):
 PSYoungGen      total 284672K, used 8329K [0x00000000d5580000, 0x00000000f8180000, 0x0000000100000000)
  eden space 263168K, 0% used [0x00000000d5580000,0x00000000d5580000,0x00000000e5680000)
  from space 21504K, 38% used [0x00000000e5680000,0x00000000e5ea2480,0x00000000e6b80000)
  to   space 21504K, 0% used [0x00000000f6c80000,0x00000000f6c80000,0x00000000f8180000)
 ParOldGen       total 349696K, used 104K [0x0000000080000000, 0x0000000095580000, 0x00000000d5580000)
  object space 349696K, 0% used [0x0000000080000000,0x000000008001a010,0x0000000095580000)
 Metaspace       used 20804K, capacity 21078K, committed 21296K, reserved 1069056K
  class space    used 2311K, capacity 2425K, committed 2432K, reserved 1048576K
Event: 2.643 GC heap after
Heap after GC invocations=4 (full 1):
 PSYoungGen      total 284672K, used 0K [0x00000000d5580000, 0x00000000f8180000, 0x0000000100000000)
  eden space 263168K, 0% used [0x00000000d5580000,0x00000000d5580000,0x00000000e5680000)
  from space 21504K, 0% used [0x00000000e5680000,0x00000000e5680000,0x00000000e6b80000)
  to   space 21504K, 0% used [0x00000000f6c80000,0x00000000f6c80000,0x00000000f8180000)
 ParOldGen       total 160256K, used 8279K [0x0000000080000000, 0x0000000089c80000, 0x00000000d5580000)
  object space 160256K, 5% used [0x0000000080000000,0x0000000080815d30,0x0000000089c80000)
 Metaspace       used 20804K, capacity 21078K, committed 21296K, reserved 1069056K
  class space    used 2311K, capacity 2425K, committed 2432K, reserved 1048576K
}
Event: 4.177 GC heap before
{Heap before GC invocations=5 (full 1):
 PSYoungGen      total 284672K, used 263168K [0x00000000d5580000, 0x00000000f8180000, 0x0000000100000000)
  eden space 263168K, 100% used [0x00000000d5580000,0x00000000e5680000,0x00000000e5680000)
  from space 21504K, 0% used [0x00000000e5680000,0x00000000e5680000,0x00000000e6b80000)
  to   space 21504K, 0% used [0x00000000f6c80000,0x00000000f6c80000,0x00000000f8180000)
 ParOldGen       total 160256K, used 8279K [0x0000000080000000, 0x0000000089c80000, 0x00000000d5580000)
  object space 160256K, 5% used [0x0000000080000000,0x0000000080815d30,0x0000000089c80000)
 Metaspace       used 28855K, capacity 29330K, committed 29568K, reserved 1075200K
  class space    used 3284K, capacity 3433K, committed 3456K, reserved 1048576K
Event: 4.186 GC heap after
Heap after GC invocations=5 (full 1):
 PSYoungGen      total 491520K, used 13675K [0x00000000d5580000, 0x00000000f7a00000, 0x0000000100000000)
  eden space 477696K, 0% used [0x00000000d5580000,0x00000000d5580000,0x00000000f2800000)
  from space 13824K, 98% used [0x00000000f6c80000,0x00000000f79dacd0,0x00000000f7a00000)
  to   space 21504K, 0% used [0x00000000f5000000,0x00000000f5000000,0x00000000f6500000)
 ParOldGen       total 160256K, used 8279K [0x0000000080000000, 0x0000000089c80000, 0x00000000d5580000)
  object space 160256K, 5% used [0x0000000080000000,0x0000000080815d30,0x0000000089c80000)
 Metaspace       used 28855K, capacity 29330K, committed 29568K, reserved 1075200K
  class space    used 3284K, capacity 3433K, committed 3456K, reserved 1048576K
}
Event: 5.789 GC heap before
{Heap before GC invocations=6 (full 1):
 PSYoungGen      total 491520K, used 124440K [0x00000000d5580000, 0x00000000f7a00000, 0x0000000100000000)
  eden space 477696K, 23% used [0x00000000d5580000,0x00000000dc1ab358,0x00000000f2800000)
  from space 13824K, 98% used [0x00000000f6c80000,0x00000000f79dacd0,0x00000000f7a00000)
  to   space 21504K, 0% used [0x00000000f5000000,0x00000000f5000000,0x00000000f6500000)
 ParOldGen       total 160256K, used 8279K [0x0000000080000000, 0x0000000089c80000, 0x00000000d5580000)
  object space 160256K, 5% used [0x0000000080000000,0x0000000080815d30,0x0000000089c80000)
 Metaspace       used 34429K, capacity 35322K, committed 35496K, reserved 1081344K
  class space    used 4093K, capacity 4333K, committed 4352K, reserved 1048576K
Event: 5.812 GC heap after
Heap after GC invocations=6 (full 1):
 PSYoungGen      total 540160K, used 15137K [0x00000000d5580000, 0x00000000fff80000, 0x0000000100000000)
  eden space 518656K, 0% used [0x00000000d5580000,0x00000000d5580000,0x00000000f5000000)
  from space 21504K, 70% used [0x00000000f5000000,0x00000000f5ec8558,0x00000000f6500000)
  to   space 17408K, 0% used [0x00000000fee80000,0x00000000fee80000,0x00000000fff80000)
 ParOldGen       total 160256K, used 8295K [0x0000000080000000, 0x0000000089c80000, 0x00000000d5580000)
  object space 160256K, 5% used [0x0000000080000000,0x0000000080819d48,0x0000000089c80000)
 Metaspace       used 34429K, capacity 35322K, committed 35496K, reserved 1081344K
  class space    used 4093K, capacity 4333K, committed 4352K, reserved 1048576K
}
Event: 5.812 GC heap before
{Heap before GC invocations=7 (full 2):
 PSYoungGen      total 540160K, used 15137K [0x00000000d5580000, 0x00000000fff80000, 0x0000000100000000)
  eden space 518656K, 0% used [0x00000000d5580000,0x00000000d5580000,0x00000000f5000000)
  from space 21504K, 70% used [0x00000000f5000000,0x00000000f5ec8558,0x00000000f6500000)
  to   space 17408K, 0% used [0x00000000fee80000,0x00000000fee80000,0x00000000fff80000)
 ParOldGen       total 160256K, used 8295K [0x0000000080000000, 0x0000000089c80000, 0x00000000d5580000)
  object space 160256K, 5% used [0x0000000080000000,0x0000000080819d48,0x0000000089c80000)
 Metaspace       used 34429K, capacity 35322K, committed 35496K, reserved 1081344K
  class space    used 4093K, capacity 4333K, committed 4352K, reserved 1048576K
Event: 5.922 GC heap after
Heap after GC invocations=7 (full 2):
 PSYoungGen      total 540160K, used 0K [0x00000000d5580000, 0x00000000fff80000, 0x0000000100000000)
  eden space 518656K, 0% used [0x00000000d5580000,0x00000000d5580000,0x00000000f5000000)
  from space 21504K, 0% used [0x00000000f5000000,0x00000000f5000000,0x00000000f6500000)
  to   space 17408K, 0% used [0x00000000fee80000,0x00000000fee80000,0x00000000fff80000)
 ParOldGen       total 218624K, used 22890K [0x0000000080000000, 0x000000008d580000, 0x00000000d5580000)
  object space 218624K, 10% used [0x0000000080000000,0x000000008165ab10,0x000000008d580000)
 Metaspace       used 34423K, capacity 35306K, committed 35496K, reserved 1081344K
  class space    used 4090K, capacity 4329K, committed 4352K, reserved 1048576K
}

