# JRE version: OpenJDK Runtime Environment (Zulu 8.68.0.21-CA-win64) (8.0_362-b09) (build 1.8.0_362-b09)
# Java VM: OpenJDK 64-Bit Server VM (25.362-b09 mixed mode windows-amd64 compressed oops)
Heap:
 PSYoungGen      total 491008K, used 193601K [0x00000000d5580000, 0x00000000fe480000, 0x0000000100000000)
  eden space 447488K, 43% used [0x00000000d5580000,0x00000000e1290688,0x00000000f0a80000)
  from space 43520K, 0% used [0x00000000f0a80000,0x00000000f0a80000,0x00000000f3500000)
  to   space 24576K, 0% used [0x00000000fcc80000,0x00000000fcc80000,0x00000000fe480000)
 ParOldGen       total 480256K, used 25938K [0x0000000080000000, 0x000000009d500000, 0x00000000d5580000)
  object space 480256K, 5% used [0x0000000080000000,0x0000000081954bb0,0x000000009d500000)
 Metaspace       used 40984K, capacity 42090K, committed 42368K, reserved 1087488K
  class space    used 4799K, capacity 5140K, committed 5248K, reserved 1048576K
GC Heap History (10 events):
Event: 2.094 GC heap before
{Heap before GC invocations=3 (full 1):
 PSYoungGen      total 305664K, used 8203K [0x00000000d5580000, 0x00000000faa80000, 0x0000000100000000)
  eden space 262144K, 0% used [0x00000000d5580000,0x00000000d5580000,0x00000000e5580000)
  from space 43520K, 18% used [0x00000000e8000000,0x00000000e8802d60,0x00000000eaa80000)
  to   space 43520K, 0% used [0x00000000e5580000,0x00000000e5580000,0x00000000e8000000)
 ParOldGen       total 699392K, used 96K [0x0000000080000000, 0x00000000aab00000, 0x00000000d5580000)
  object space 699392K, 0% used [0x0000000080000000,0x0000000080018010,0x00000000aab00000)
 Metaspace       used 20822K, capacity 21092K, committed 21296K, reserved 1069056K
  class space    used 2283K, capacity 2391K, committed 2432K, reserved 1048576K
Event: 2.118 GC heap after
Heap after GC invocations=3 (full 1):
 PSYoungGen      total 305664K, used 0K [0x00000000d5580000, 0x00000000faa80000, 0x0000000100000000)
  eden space 262144K, 0% used [0x00000000d5580000,0x00000000d5580000,0x00000000e5580000)
  from space 43520K, 0% used [0x00000000e8000000,0x00000000e8000000,0x00000000eaa80000)
  to   space 43520K, 0% used [0x00000000e5580000,0x00000000e5580000,0x00000000e8000000)
 ParOldGen       total 321024K, used 8000K [0x0000000080000000, 0x0000000093980000, 0x00000000d5580000)
  object space 321024K, 2% used [0x0000000080000000,0x00000000807d0398,0x0000000093980000)
 Metaspace       used 20822K, capacity 21092K, committed 21296K, reserved 1069056K
  class space    used 2283K, capacity 2391K, committed 2432K, reserved 1048576K
}
Event: 3.075 GC heap before
{Heap before GC invocations=4 (full 1):
 PSYoungGen      total 305664K, used 262144K [0x00000000d5580000, 0x00000000faa80000, 0x0000000100000000)
  eden space 262144K, 100% used [0x00000000d5580000,0x00000000e5580000,0x00000000e5580000)
  from space 43520K, 0% used [0x00000000e8000000,0x00000000e8000000,0x00000000eaa80000)
  to   space 43520K, 0% used [0x00000000e5580000,0x00000000e5580000,0x00000000e8000000)
 ParOldGen       total 321024K, used 8000K [0x0000000080000000, 0x0000000093980000, 0x00000000d5580000)
  object space 321024K, 2% used [0x0000000080000000,0x00000000807d0398,0x0000000093980000)
 Metaspace       used 24090K, capacity 24450K, committed 24832K, reserved 1071104K
  class space    used 2584K, capacity 2714K, committed 2816K, reserved 1048576K
Event: 3.078 GC heap after
Heap after GC invocations=4 (full 1):
 PSYoungGen      total 305664K, used 8697K [0x00000000d5580000, 0x00000000f6900000, 0x0000000100000000)
  eden space 262144K, 0% used [0x00000000d5580000,0x00000000d5580000,0x00000000e5580000)
  from space 43520K, 19% used [0x00000000e5580000,0x00000000e5dfe780,0x00000000e8000000)
  to   space 43520K, 0% used [0x00000000f3e80000,0x00000000f3e80000,0x00000000f6900000)
 ParOldGen       total 321024K, used 8008K [0x0000000080000000, 0x0000000093980000, 0x00000000d5580000)
  object space 321024K, 2% used [0x0000000080000000,0x00000000807d2398,0x0000000093980000)
 Metaspace       used 24090K, capacity 24450K, committed 24832K, reserved 1071104K
  class space    used 2584K, capacity 2714K, committed 2816K, reserved 1048576K
}
Event: 4.521 GC heap before
{Heap before GC invocations=5 (full 1):
 PSYoungGen      total 305664K, used 270841K [0x00000000d5580000, 0x00000000f6900000, 0x0000000100000000)
  eden space 262144K, 100% used [0x00000000d5580000,0x00000000e5580000,0x00000000e5580000)
  from space 43520K, 19% used [0x00000000e5580000,0x00000000e5dfe780,0x00000000e8000000)
  to   space 43520K, 0% used [0x00000000f3e80000,0x00000000f3e80000,0x00000000f6900000)
 ParOldGen       total 321024K, used 8008K [0x0000000080000000, 0x0000000093980000, 0x00000000d5580000)
  object space 321024K, 2% used [0x0000000080000000,0x00000000807d2398,0x0000000093980000)
 Metaspace       used 32182K, capacity 32680K, committed 32768K, reserved 1079296K
  class space    used 3577K, capacity 3783K, committed 3840K, reserved 1048576K
Event: 4.535 GC heap after
Heap after GC invocations=5 (full 1):
 PSYoungGen      total 481280K, used 19221K [0x00000000d5580000, 0x00000000f5f80000, 0x0000000100000000)
  eden space 447488K, 0% used [0x00000000d5580000,0x00000000d5580000,0x00000000f0a80000)
  from space 33792K, 56% used [0x00000000f3e80000,0x00000000f51454f0,0x00000000f5f80000)
  to   space 43520K, 0% used [0x00000000f0a80000,0x00000000f0a80000,0x00000000f3500000)
 ParOldGen       total 321024K, used 8016K [0x0000000080000000, 0x0000000093980000, 0x00000000d5580000)
  object space 321024K, 2% used [0x0000000080000000,0x00000000807d4398,0x0000000093980000)
 Metaspace       used 32182K, capacity 32680K, committed 32768K, reserved 1079296K
  class space    used 3577K, capacity 3783K, committed 3840K, reserved 1048576K
}
Event: 4.901 GC heap before
{Heap before GC invocations=6 (full 1):
 PSYoungGen      total 481280K, used 87042K [0x00000000d5580000, 0x00000000f5f80000, 0x0000000100000000)
  eden space 447488K, 15% used [0x00000000d5580000,0x00000000d97bb430,0x00000000f0a80000)
  from space 33792K, 56% used [0x00000000f3e80000,0x00000000f51454f0,0x00000000f5f80000)
  to   space 43520K, 0% used [0x00000000f0a80000,0x00000000f0a80000,0x00000000f3500000)
 ParOldGen       total 321024K, used 8016K [0x0000000080000000, 0x0000000093980000, 0x00000000d5580000)
  object space 321024K, 2% used [0x0000000080000000,0x00000000807d4398,0x0000000093980000)
 Metaspace       used 34882K, capacity 35402K, committed 35456K, reserved 1081344K
  class space    used 3977K, capacity 4188K, committed 4224K, reserved 1048576K
Event: 4.910 GC heap after
Heap after GC invocations=6 (full 1):
 PSYoungGen      total 491008K, used 18581K [0x00000000d5580000, 0x00000000fe480000, 0x0000000100000000)
  eden space 447488K, 0% used [0x00000000d5580000,0x00000000d5580000,0x00000000f0a80000)
  from space 43520K, 42% used [0x00000000f0a80000,0x00000000f1ca5740,0x00000000f3500000)
  to   space 24576K, 0% used [0x00000000fcc80000,0x00000000fcc80000,0x00000000fe480000)
 ParOldGen       total 321024K, used 8024K [0x0000000080000000, 0x0000000093980000, 0x00000000d5580000)
  object space 321024K, 2% used [0x0000000080000000,0x00000000807d6398,0x0000000093980000)
 Metaspace       used 34882K, capacity 35402K, committed 35456K, reserved 1081344K
  class space    used 3977K, capacity 4188K, committed 4224K, reserved 1048576K
}
Event: 4.910 GC heap before
{Heap before GC invocations=7 (full 2):
 PSYoungGen      total 491008K, used 18581K [0x00000000d5580000, 0x00000000fe480000, 0x0000000100000000)
  eden space 447488K, 0% used [0x00000000d5580000,0x00000000d5580000,0x00000000f0a80000)
  from space 43520K, 42% used [0x00000000f0a80000,0x00000000f1ca5740,0x00000000f3500000)
  to   space 24576K, 0% used [0x00000000fcc80000,0x00000000fcc80000,0x00000000fe480000)
 ParOldGen       total 321024K, used 8024K [0x0000000080000000, 0x0000000093980000, 0x00000000d5580000)
  object space 321024K, 2% used [0x0000000080000000,0x00000000807d6398,0x0000000093980000)
 Metaspace       used 34882K, capacity 35402K, committed 35456K, reserved 1081344K
  class space    used 3977K, capacity 4188K, committed 4224K, reserved 1048576K
Event: 5.000 GC heap after
Heap after GC invocations=7 (full 2):
 PSYoungGen      total 491008K, used 0K [0x00000000d5580000, 0x00000000fe480000, 0x0000000100000000)
  eden space 447488K, 0% used [0x00000000d5580000,0x00000000d5580000,0x00000000f0a80000)
  from space 43520K, 0% used [0x00000000f0a80000,0x00000000f0a80000,0x00000000f3500000)
  to   space 24576K, 0% used [0x00000000fcc80000,0x00000000fcc80000,0x00000000fe480000)
 ParOldGen       total 480256K, used 25938K [0x0000000080000000, 0x000000009d500000, 0x00000000d5580000)
  object space 480256K, 5% used [0x0000000080000000,0x0000000081954bb0,0x000000009d500000)
 Metaspace       used 34882K, capacity 35402K, committed 35456K, reserved 1081344K
  class space    used 3977K, capacity 4188K, committed 4224K, reserved 1048576K
}

