# JRE version: OpenJDK Runtime Environment (Zulu 8.68.0.21-CA-win64) (8.0_362-b09) (build 1.8.0_362-b09)
# Java VM: OpenJDK 64-Bit Server VM (25.362-b09 mixed mode windows-amd64 compressed oops)
Heap:
 PSYoungGen      total 444928K, used 14622K [0x00000000d5580000, 0x00000000f3a00000, 0x0000000100000000)
  eden space 421376K, 3% used [0x00000000d5580000,0x00000000d63c7ba0,0x00000000ef100000)
  from space 23552K, 0% used [0x00000000f0f80000,0x00000000f0f80000,0x00000000f2680000)
  to   space 31232K, 0% used [0x00000000ef100000,0x00000000ef100000,0x00000000f0f80000)
 ParOldGen       total 161280K, used 35875K [0x0000000080000000, 0x0000000089d80000, 0x00000000d5580000)
  object space 161280K, 22% used [0x0000000080000000,0x0000000082308f40,0x0000000089d80000)
 Metaspace       used 35621K, capacity 36189K, committed 36480K, reserved 1081344K
  class space    used 4151K, capacity 4384K, committed 4480K, reserved 1048576K
GC Heap History (10 events):
Event: 2.808 GC heap before
{Heap before GC invocations=4 (full 1):
 PSYoungGen      total 153088K, used 8357K [0x00000000d5580000, 0x00000000e8080000, 0x0000000100000000)
  eden space 131584K, 0% used [0x00000000d5580000,0x00000000d5580000,0x00000000dd600000)
  from space 21504K, 38% used [0x00000000dd600000,0x00000000dde29728,0x00000000deb00000)
  to   space 21504K, 0% used [0x00000000e6b80000,0x00000000e6b80000,0x00000000e8080000)
 ParOldGen       total 349696K, used 96K [0x0000000080000000, 0x0000000095580000, 0x00000000d5580000)
  object space 349696K, 0% used [0x0000000080000000,0x0000000080018010,0x0000000095580000)
 Metaspace       used 20711K, capacity 21033K, committed 21296K, reserved 1069056K
  class space    used 2300K, capacity 2432K, committed 2432K, reserved 1048576K
Event: 2.859 GC heap after
Heap after GC invocations=4 (full 1):
 PSYoungGen      total 153088K, used 0K [0x00000000d5580000, 0x00000000e8080000, 0x0000000100000000)
  eden space 131584K, 0% used [0x00000000d5580000,0x00000000d5580000,0x00000000dd600000)
  from space 21504K, 0% used [0x00000000dd600000,0x00000000dd600000,0x00000000deb00000)
  to   space 21504K, 0% used [0x00000000e6b80000,0x00000000e6b80000,0x00000000e8080000)
 ParOldGen       total 161280K, used 8338K [0x0000000080000000, 0x0000000089d80000, 0x00000000d5580000)
  object space 161280K, 5% used [0x0000000080000000,0x0000000080824958,0x0000000089d80000)
 Metaspace       used 20711K, capacity 21033K, committed 21296K, reserved 1069056K
  class space    used 2300K, capacity 2432K, committed 2432K, reserved 1048576K
}
Event: 3.635 GC heap before
{Heap before GC invocations=5 (full 1):
 PSYoungGen      total 153088K, used 131584K [0x00000000d5580000, 0x00000000e8080000, 0x0000000100000000)
  eden space 131584K, 100% used [0x00000000d5580000,0x00000000dd600000,0x00000000dd600000)
  from space 21504K, 0% used [0x00000000dd600000,0x00000000dd600000,0x00000000deb00000)
  to   space 21504K, 0% used [0x00000000e6b80000,0x00000000e6b80000,0x00000000e8080000)
 ParOldGen       total 161280K, used 8338K [0x0000000080000000, 0x0000000089d80000, 0x00000000d5580000)
  object space 161280K, 5% used [0x0000000080000000,0x0000000080824958,0x0000000089d80000)
 Metaspace       used 23005K, capacity 23363K, committed 23680K, reserved 1071104K
  class space    used 2514K, capacity 2651K, committed 2688K, reserved 1048576K
Event: 3.659 GC heap after
Heap after GC invocations=5 (full 1):
 PSYoungGen      total 243200K, used 3961K [0x00000000d5580000, 0x00000000e6f80000, 0x0000000100000000)
  eden space 239104K, 0% used [0x00000000d5580000,0x00000000d5580000,0x00000000e3f00000)
  from space 4096K, 96% used [0x00000000e6b80000,0x00000000e6f5e6b8,0x00000000e6f80000)
  to   space 21504K, 0% used [0x00000000e4580000,0x00000000e4580000,0x00000000e5a80000)
 ParOldGen       total 161280K, used 8346K [0x0000000080000000, 0x0000000089d80000, 0x00000000d5580000)
  object space 161280K, 5% used [0x0000000080000000,0x0000000080826958,0x0000000089d80000)
 Metaspace       used 23005K, capacity 23363K, committed 23680K, reserved 1071104K
  class space    used 2514K, capacity 2651K, committed 2688K, reserved 1048576K
}
Event: 5.557 GC heap before
{Heap before GC invocations=6 (full 1):
 PSYoungGen      total 243200K, used 243065K [0x00000000d5580000, 0x00000000e6f80000, 0x0000000100000000)
  eden space 239104K, 100% used [0x00000000d5580000,0x00000000e3f00000,0x00000000e3f00000)
  from space 4096K, 96% used [0x00000000e6b80000,0x00000000e6f5e6b8,0x00000000e6f80000)
  to   space 21504K, 0% used [0x00000000e4580000,0x00000000e4580000,0x00000000e5a80000)
 ParOldGen       total 161280K, used 8346K [0x0000000080000000, 0x0000000089d80000, 0x00000000d5580000)
  object space 161280K, 5% used [0x0000000080000000,0x0000000080826958,0x0000000089d80000)
 Metaspace       used 29950K, capacity 30363K, committed 30720K, reserved 1077248K
  class space    used 3349K, capacity 3480K, committed 3584K, reserved 1048576K
Event: 5.637 GC heap after
Heap after GC invocations=6 (full 1):
 PSYoungGen      total 267264K, used 21475K [0x00000000d5580000, 0x00000000f2680000, 0x0000000100000000)
  eden space 245760K, 0% used [0x00000000d5580000,0x00000000d5580000,0x00000000e4580000)
  from space 21504K, 99% used [0x00000000e4580000,0x00000000e5a78cd8,0x00000000e5a80000)
  to   space 23552K, 0% used [0x00000000f0f80000,0x00000000f0f80000,0x00000000f2680000)
 ParOldGen       total 161280K, used 11078K [0x0000000080000000, 0x0000000089d80000, 0x00000000d5580000)
  object space 161280K, 6% used [0x0000000080000000,0x0000000080ad1910,0x0000000089d80000)
 Metaspace       used 29950K, capacity 30363K, committed 30720K, reserved 1077248K
  class space    used 3349K, capacity 3480K, committed 3584K, reserved 1048576K
}
Event: 8.846 GC heap before
{Heap before GC invocations=7 (full 1):
 PSYoungGen      total 267264K, used 209688K [0x00000000d5580000, 0x00000000f2680000, 0x0000000100000000)
  eden space 245760K, 76% used [0x00000000d5580000,0x00000000e0d4d418,0x00000000e4580000)
  from space 21504K, 99% used [0x00000000e4580000,0x00000000e5a78cd8,0x00000000e5a80000)
  to   space 23552K, 0% used [0x00000000f0f80000,0x00000000f0f80000,0x00000000f2680000)
 ParOldGen       total 161280K, used 11078K [0x0000000080000000, 0x0000000089d80000, 0x00000000d5580000)
  object space 161280K, 6% used [0x0000000080000000,0x0000000080ad1910,0x0000000089d80000)
 Metaspace       used 34810K, capacity 35301K, committed 35456K, reserved 1081344K
  class space    used 4041K, capacity 4220K, committed 4224K, reserved 1048576K
Event: 8.928 GC heap after
Heap after GC invocations=7 (full 1):
 PSYoungGen      total 444928K, used 23546K [0x00000000d5580000, 0x00000000f3a00000, 0x0000000100000000)
  eden space 421376K, 0% used [0x00000000d5580000,0x00000000d5580000,0x00000000ef100000)
  from space 23552K, 99% used [0x00000000f0f80000,0x00000000f267ea50,0x00000000f2680000)
  to   space 31232K, 0% used [0x00000000ef100000,0x00000000ef100000,0x00000000f0f80000)
 ParOldGen       total 161280K, used 15669K [0x0000000080000000, 0x0000000089d80000, 0x00000000d5580000)
  object space 161280K, 9% used [0x0000000080000000,0x0000000080f4d740,0x0000000089d80000)
 Metaspace       used 34810K, capacity 35301K, committed 35456K, reserved 1081344K
  class space    used 4041K, capacity 4220K, committed 4224K, reserved 1048576K
}
Event: 8.928 GC heap before
{Heap before GC invocations=8 (full 2):
 PSYoungGen      total 444928K, used 23546K [0x00000000d5580000, 0x00000000f3a00000, 0x0000000100000000)
  eden space 421376K, 0% used [0x00000000d5580000,0x00000000d5580000,0x00000000ef100000)
  from space 23552K, 99% used [0x00000000f0f80000,0x00000000f267ea50,0x00000000f2680000)
  to   space 31232K, 0% used [0x00000000ef100000,0x00000000ef100000,0x00000000f0f80000)
 ParOldGen       total 161280K, used 15669K [0x0000000080000000, 0x0000000089d80000, 0x00000000d5580000)
  object space 161280K, 9% used [0x0000000080000000,0x0000000080f4d740,0x0000000089d80000)
 Metaspace       used 34810K, capacity 35301K, committed 35456K, reserved 1081344K
  class space    used 4041K, capacity 4220K, committed 4224K, reserved 1048576K
Event: 9.146 GC heap after
Heap after GC invocations=8 (full 2):
 PSYoungGen      total 444928K, used 0K [0x00000000d5580000, 0x00000000f3a00000, 0x0000000100000000)
  eden space 421376K, 0% used [0x00000000d5580000,0x00000000d5580000,0x00000000ef100000)
  from space 23552K, 0% used [0x00000000f0f80000,0x00000000f0f80000,0x00000000f2680000)
  to   space 31232K, 0% used [0x00000000ef100000,0x00000000ef100000,0x00000000f0f80000)
 ParOldGen       total 161280K, used 35875K [0x0000000080000000, 0x0000000089d80000, 0x00000000d5580000)
  object space 161280K, 22% used [0x0000000080000000,0x0000000082308f40,0x0000000089d80000)
 Metaspace       used 34810K, capacity 35301K, committed 35456K, reserved 1081344K
  class space    used 4041K, capacity 4220K, committed 4224K, reserved 1048576K
}

